<?xml version="1.0" encoding="UTF-8"?>
<!-- Generated by org.testng.reporters.JUnitReportReporter -->
<testsuite hostname="DESKTOP-JV0LPJS" failures="0" tests="2" name="mypraticework.ButtontTest_1" time="119.727" errors="0" timestamp="2023-08-02T22:25:38 IST" skipped="0">
  <testcase classname="mypraticework.ButtontTest_1" name="method1" time="119.439"/>
  <system-out/>
  <testcase classname="mypraticework.ButtontTest_1" name="method2" time="0.288"/>
  <system-out/>
</testsuite> <!-- mypraticework.ButtontTest_1 -->
